#
# A fatal error has been detected by the Java Runtime Environment:
#
#  SIGSEGV (0xb) at pc=0x00007fff93a93250, pid=615, tid=1799
#
# JRE version: 7.0_17-b02
# Java VM: Java HotSpot(TM) 64-Bit Server VM (23.7-b01 mixed mode bsd-amd64 compressed oops)
# Problematic frame:
# C  [libobjc.A.dylib+0x6250]  objc_msgSend+0x10
#
# Failed to write core dump. Core dumps have been disabled. To enable core dumping, try "ulimit -c unlimited" before starting Java again
#
# If you would like to submit a bug report, please visit:
#   http://bugreport.sun.com/bugreport/crash.jsp
# The crash happened outside the Java Virtual Machine in native code.
# See problematic frame for where to report the bug.
#

---------------  T H R E A D  ---------------

Current thread (0x00007fc7b4877000):  JavaThread "AppKit Thread" daemon [_thread_in_native, id=1799, stack(0x00007fff56ace000,0x00007fff572ce000)]

siginfo:si_signo=SIGSEGV: si_errno=0, si_code=1 (SEGV_MAPERR), si_addr=0x0000000000000bfb

Registers:
RAX=0x00007fc7b2c81a10, RBX=0x00007fc7b3a9bd48, RCX=0x00007fc7b30bfe00, RDX=0x00007fc7b3a450a0
RSP=0x00007fff572c9ae0, RBP=0x00007fff572c9c20, RSI=0x00007fff8ff114f6, RDI=0x00007fc7b2c81a10
R8 =0x00007fc7b3824590, R9 =0x000000000000000c, R10=0x0000000000000005, R11=0x0000000000000beb
R12=0x0000000000000001, R13=0x0000000000000000, R14=0x00007fc7b3a995e0, R15=0x00007fc7b3a9bd40
RIP=0x00007fff93a93250, EFLAGS=0x0000000000010246, ERR=0x0000000000000004
  TRAPNO=0x000000000000000e

Top of Stack: (sp=0x00007fff572c9ae0)
0x00007fff572c9ae0:   00007fc7b2c81a10 00007fff95243eda
0x00007fff572c9af0:   0000000000000002 00007fff7e8fed4c
0x00007fff572c9b00:   0000000000000000 00007fc7b3824590
0x00007fff572c9b10:   00000000000f42e0 0000000000000002
0x00007fff572c9b20:   00007fc7b3a450a0 00007fc7b3c33ae0
0x00007fff572c9b30:   00007fc7b3c35c80 0000000000000002
0x00007fff572c9b40:   00007fc7b3a9bd40 0000000000000000
0x00007fff572c9b50:   0000000000000053 00007fc7b3824580
0x00007fff572c9b60:   0000000000000000 0000000000000051
0x00007fff572c9b70:   00007fff7e12d0e0 0000000042000000
0x00007fff572c9b80:   00007fff952ed5b0 00007fff7ec37d60
0x00007fff572c9b90:   00007fc7b3824580 0000000000000051
0x00007fff572c9ba0:   0000000000000000 00000000000f42de
0x00007fff572c9bb0:   00007fc7b3a9aa90 00007fc7b3a450a0
0x00007fff572c9bc0:   000000000000000a 0000000000000000
0x00007fff572c9bd0:   00007fc7b3c35c80 0000000000000000
0x00007fff572c9be0:   00007fff572c9c20 00007fff904ed8a3
0x00007fff572c9bf0:   00007fc7b3831dd0 00007fc7b3a450a0
0x00007fff572c9c00:   00007fff93a93240 00007fc7b2c69370
0x00007fff572c9c10:   00007fc7b3831dd0 0000000000000000
0x00007fff572c9c20:   00007fff572c9c40 00007fff904ed7b6
0x00007fff572c9c30:   00007fc7b3c35c80 0000000000000000
0x00007fff572c9c40:   00007fff572c9c70 00007fff8f734b82
0x00007fff572c9c50:   00007fc7b3c35c80 00007fff93a93240
0x00007fff572c9c60:   0000000000000000 0000000000000000
0x00007fff572c9c70:   00007fff572c9cb0 00007fff8f73453e
0x00007fff572c9c80:   00007fc7b3c35c80 00007fff93a93240
0x00007fff572c9c90:   00007fff93a93240 00007fc7b2c69370
0x00007fff572c9ca0:   00007fc7b2c69370 0000000000000000
0x00007fff572c9cb0:   00007fff572c9e70 00007fff8f6640de
0x00007fff572c9cc0:   000100011e4dcb98 00007fc7b2c69370
0x00007fff572c9cd0:   00007fff572c9d10 00007fff99d58105 

Instructions: (pc=0x00007fff93a93250)
0x00007fff93a93230:   90 90 90 90 90 90 90 90 90 90 90 90 90 90 90 90
0x00007fff93a93240:   48 85 ff 74 2b 40 f6 c7 01 2e 75 3b 4c 8b 1f 50
0x00007fff93a93250:   4d 8b 53 10 89 f0 41 23 02 4d 8b 5c c2 10 ff c0
0x00007fff93a93260:   4d 85 db 74 36 49 3b 33 75 ec 58 41 ff 63 10 90 

Register to memory mapping:

RAX=0x00007fc7b2c81a10 is an unknown value
RBX=0x00007fc7b3a9bd48 is an unknown value
RCX=0x00007fc7b30bfe00 is an unknown value
RDX=0x00007fc7b3a450a0 is an unknown value
RSP=0x00007fff572c9ae0 is pointing into the stack for thread: 0x00007fc7b4877000
RBP=0x00007fff572c9c20 is pointing into the stack for thread: 0x00007fc7b4877000
RSI=0x00007fff8ff114f6: NSAppKitVersionNumber+0x4f916 in /System/Library/Frameworks/AppKit.framework/Versions/C/AppKit at 0x00007fff8f545000
RDI=0x00007fc7b2c81a10 is an unknown value
R8 =0x00007fc7b3824590 is an unknown value
R9 =0x000000000000000c is an unknown value
R10=0x0000000000000005 is an unknown value
R11=0x0000000000000beb is an unknown value
R12=0x0000000000000001 is an unknown value
R13=0x0000000000000000 is an unknown value
R14=0x00007fc7b3a995e0 is an unknown value
R15=0x00007fc7b3a9bd40 is an unknown value


Stack: [0x00007fff56ace000,0x00007fff572ce000],  sp=0x00007fff572c9ae0,  free space=8174k
Native frames: (J=compiled Java code, j=interpreted, Vv=VM code, C=native code)
C  [libobjc.A.dylib+0x6250]  objc_msgSend+0x10
C  [Foundation+0x497b6]  -[NSNotificationCenter postNotificationName:object:userInfo:]+0x40
C  [AppKit+0x1efb82]  -[NSSurface _disposeSurface]+0x98
C  [AppKit+0x1ef53e]  -[NSSurface setWindow:]+0x3c
C  [AppKit+0x11f0de]  -[NSView _setWindow:]+0x8db
C  [AppKit+0x12c2b0]  -[NSView removeFromSuperview]+0x1b7
C  [AppKit+0x259a4f]  -[NSView removeFromSuperviewWithoutNeedingDisplay]+0x27
C  [liblwjgl.jnilib+0x936e]  +[MacOSXKeyableWindow destroyWindow]+0xde
C  [Foundation+0x935ca]  __NSThreadPerformPerform+0xe1
C  [CoreFoundation+0x12b31]  __CFRUNLOOP_IS_CALLING_OUT_TO_A_SOURCE0_PERFORM_FUNCTION__+0x11
C  [CoreFoundation+0x12455]  __CFRunLoopDoSources0+0xf5
C  [CoreFoundation+0x357f5]  __CFRunLoopRun+0x315
C  [CoreFoundation+0x350e2]  CFRunLoopRunSpecific+0x122
C  [HIToolbox+0x5feb4]  RunCurrentEventLoopInMode+0xd1
C  [HIToolbox+0x5fc52]  ReceiveNextEventCommon+0x164
C  [HIToolbox+0x5fae3]  BlockUntilNextEventMatchingListInMode+0x3e
C  [AppKit+0x155533]  _DPSNextEvent+0x2ad
C  [AppKit+0x154df2]  -[NSApplication nextEventMatchingMask:untilDate:inMode:dequeue:]+0x80
C  [libosxapp.dylib+0x1b56]  -[NSApplicationAWT nextEventMatchingMask:untilDate:inMode:dequeue:]+0x7c
C  [AppKit+0x14c1a3]  -[NSApplication run]+0x205
C  [libosxapp.dylib+0x19b9]  +[NSApplicationAWT runAWTLoopWithApp:]+0x9c
C  [liblwawt.dylib+0xd81a]  -[AWTStarter starter:]+0x637
C  [Foundation+0x935ca]  __NSThreadPerformPerform+0xe1
C  [CoreFoundation+0x12b31]  __CFRUNLOOP_IS_CALLING_OUT_TO_A_SOURCE0_PERFORM_FUNCTION__+0x11
C  [CoreFoundation+0x12455]  __CFRunLoopDoSources0+0xf5
C  [CoreFoundation+0x357f5]  __CFRunLoopRun+0x315
C  [CoreFoundation+0x350e2]  CFRunLoopRunSpecific+0x122
C  [java+0x742d]  CreateExecutionEnvironment+0x367
C  [java+0x1bdc]  JLI_Launch+0x7a0
C  [java+0x778a]  main+0x65
C  [java+0x1434]  start+0x34


---------------  P R O C E S S  ---------------

Java Threads: ( => current thread )
  0x00007fc7b31c2000 JavaThread "AWT-Shutdown" [_thread_blocked, id=54539, stack(0x000000011a77c000,0x000000011a87c000)]
  0x00007fc7b5099800 JavaThread "DestroyJavaVM" [_thread_blocked, id=5891, stack(0x0000000109504000,0x0000000109604000)]
  0x00007fc7b5095800 JavaThread "LWJGL Application" [_thread_in_native, id=50947, stack(0x000000011e81b000,0x000000011e91b000)]
=>0x00007fc7b4877000 JavaThread "AppKit Thread" daemon [_thread_in_native, id=1799, stack(0x00007fff56ace000,0x00007fff572ce000)]
  0x00007fc7b5021800 JavaThread "Service Thread" daemon [_thread_blocked, id=19203, stack(0x000000011a24e000,0x000000011a34e000)]
  0x00007fc7b5020800 JavaThread "C2 CompilerThread1" daemon [_thread_blocked, id=18947, stack(0x000000011a14b000,0x000000011a24b000)]
  0x00007fc7b5020000 JavaThread "C2 CompilerThread0" daemon [_thread_blocked, id=18691, stack(0x000000011a048000,0x000000011a148000)]
  0x00007fc7b501e000 JavaThread "Signal Dispatcher" daemon [_thread_blocked, id=18435, stack(0x0000000119f45000,0x000000011a045000)]
  0x00007fc7b400f000 JavaThread "Finalizer" daemon [_thread_blocked, id=14083, stack(0x0000000119cf6000,0x0000000119df6000)]
  0x00007fc7b400e000 JavaThread "Reference Handler" daemon [_thread_blocked, id=13827, stack(0x0000000119bf3000,0x0000000119cf3000)]

Other Threads:
  0x00007fc7b400d800 VMThread [stack: 0x0000000119af0000,0x0000000119bf0000] [id=13571]
  0x00007fc7b501f000 WatcherThread [stack: 0x000000011a351000,0x000000011a451000] [id=19459]

VM state:not at safepoint (normal execution)

VM Mutex/Monitor currently owned by a thread: None

Heap
 def new generation   total 1984K, used 475K [0x000000010c7b0000, 0x000000010c9d0000, 0x000000010f1b0000)
  eden space 1792K,  15% used [0x000000010c7b0000, 0x000000010c7f6f78, 0x000000010c970000)
  from space 192K, 100% used [0x000000010c970000, 0x000000010c9a0000, 0x000000010c9a0000)
  to   space 192K,   0% used [0x000000010c9a0000, 0x000000010c9a0000, 0x000000010c9d0000)
 tenured generation   total 4480K, used 1336K [0x000000010f1b0000, 0x000000010f610000, 0x00000001145b0000)
   the space 4480K,  29% used [0x000000010f1b0000, 0x000000010f2fe208, 0x000000010f2fe400, 0x000000010f610000)
 compacting perm gen  total 21248K, used 5848K [0x00000001145b0000, 0x0000000115a70000, 0x00000001197b0000)
   the space 21248K,  27% used [0x00000001145b0000, 0x0000000114b661c8, 0x0000000114b66200, 0x0000000115a70000)
No shared spaces configured.

Card table byte_map: [0x00000001197b0000,0x0000000119819000] byte_map_base: 0x0000000118f4c280

Polling page: 0x0000000109643000

Code Cache  [0x00000001096d9000, 0x0000000109949000, 0x000000010c6d9000)
 total_blobs=327 nmethods=27 adapters=253 free_code_cache=48672Kb largest_free_block=49822848

Compilation events (10 events):
Event: 0.499 Thread 0x00007fc7b5020000 nmethod 23 0x00000001097503d0 code [0x0000000109750500, 0x0000000109750598]
Event: 0.499 Thread 0x00007fc7b5020000   24             java.nio.StringCharBuffer::get (19 bytes)
Event: 0.501 Thread 0x00007fc7b5020000 nmethod 24 0x000000010974e390 code [0x000000010974e500, 0x000000010974e678]
Event: 0.501 Thread 0x00007fc7b5020000   25             java.nio.Buffer::nextGetIndex (31 bytes)
Event: 0.502 Thread 0x00007fc7b5020000 nmethod 25 0x000000010974e150 code [0x000000010974e280, 0x000000010974e2f8]
Event: 0.502 Thread 0x00007fc7b5020000   26             org.lwjgl.MemoryUtil$CharSequenceNT::charAt (28 bytes)
Event: 0.503 Thread 0x00007fc7b5020000 nmethod 26 0x000000010974ddd0 code [0x000000010974df20, 0x000000010974e018]
Event: 0.507 Thread 0x00007fc7b5020800 nmethod 21 0x000000010974d110 code [0x000000010974d2e0, 0x000000010974d840]
Event: 0.621 Thread 0x00007fc7b5020000   27             org.lwjgl.opengl.Sync$RunningAvg::avg (37 bytes)
Event: 0.624 Thread 0x00007fc7b5020000 nmethod 27 0x0000000109751890 code [0x00000001097519e0, 0x0000000109751b38]

GC Heap History (8 events):
Event: 0.126 GC heap before
{Heap before GC invocations=0 (full 0):
 def new generation   total 1984K, used 1786K [0x000000010c7b0000, 0x000000010c9d0000, 0x000000010f1b0000)
  eden space 1792K,  99% used [0x000000010c7b0000, 0x000000010c96e888, 0x000000010c970000)
  from space 192K,   0% used [0x000000010c970000, 0x000000010c970000, 0x000000010c9a0000)
  to   space 192K,   0% used [0x000000010c9a0000, 0x000000010c9a0000, 0x000000010c9d0000)
 tenured generation   total 4480K, used 0K [0x000000010f1b0000, 0x000000010f610000, 0x00000001145b0000)
   the space 4480K,   0% used [0x000000010f1b0000, 0x000000010f1b0000, 0x000000010f1b0200, 0x000000010f610000)
 compacting perm gen  total 21248K, used 3015K [0x00000001145b0000, 0x0000000115a70000, 0x00000001197b0000)
   the space 21248K,  14% used [0x00000001145b0000, 0x00000001148a1df0, 0x00000001148a1e00, 0x0000000115a70000)
No shared spaces configured.
Event: 0.129 GC heap after
Heap after GC invocations=1 (full 0):
 def new generation   total 1984K, used 191K [0x000000010c7b0000, 0x000000010c9d0000, 0x000000010f1b0000)
  eden space 1792K,   0% used [0x000000010c7b0000, 0x000000010c7b0000, 0x000000010c970000)
  from space 192K,  99% used [0x000000010c9a0000, 0x000000010c9cfff8, 0x000000010c9d0000)
  to   space 192K,   0% used [0x000000010c970000, 0x000000010c970000, 0x000000010c9a0000)
 tenured generation   total 4480K, used 315K [0x000000010f1b0000, 0x000000010f610000, 0x00000001145b0000)
   the space 4480K,   7% used [0x000000010f1b0000, 0x000000010f1fef48, 0x000000010f1ff000, 0x000000010f610000)
 compacting perm gen  total 21248K, used 3015K [0x00000001145b0000, 0x0000000115a70000, 0x00000001197b0000)
   the space 21248K,  14% used [0x00000001145b0000, 0x00000001148a1df0, 0x00000001148a1e00, 0x0000000115a70000)
No shared spaces configured.
}
Event: 0.326 GC heap before
{Heap before GC invocations=1 (full 0):
 def new generation   total 1984K, used 1983K [0x000000010c7b0000, 0x000000010c9d0000, 0x000000010f1b0000)
  eden space 1792K, 100% used [0x000000010c7b0000, 0x000000010c970000, 0x000000010c970000)
  from space 192K,  99% used [0x000000010c9a0000, 0x000000010c9cfff8, 0x000000010c9d0000)
  to   space 192K,   0% used [0x000000010c970000, 0x000000010c970000, 0x000000010c9a0000)
 tenured generation   total 4480K, used 315K [0x000000010f1b0000, 0x000000010f610000, 0x00000001145b0000)
   the space 4480K,   7% used [0x000000010f1b0000, 0x000000010f1fef48, 0x000000010f1ff000, 0x000000010f610000)
 compacting perm gen  total 21248K, used 4258K [0x00000001145b0000, 0x0000000115a70000, 0x00000001197b0000)
   the space 21248K,  20% used [0x00000001145b0000, 0x00000001149d8a88, 0x00000001149d8c00, 0x0000000115a70000)
No shared spaces configured.
Event: 0.329 GC heap after
Heap after GC invocations=2 (full 0):
 def new generation   total 1984K, used 192K [0x000000010c7b0000, 0x000000010c9d0000, 0x000000010f1b0000)
  eden space 1792K,   0% used [0x000000010c7b0000, 0x000000010c7b0000, 0x000000010c970000)
  from space 192K, 100% used [0x000000010c970000, 0x000000010c9a0000, 0x000000010c9a0000)
  to   space 192K,   0% used [0x000000010c9a0000, 0x000000010c9a0000, 0x000000010c9d0000)
 tenured generation   total 4480K, used 693K [0x000000010f1b0000, 0x000000010f610000, 0x00000001145b0000)
   the space 4480K,  15% used [0x000000010f1b0000, 0x000000010f25d418, 0x000000010f25d600, 0x000000010f610000)
 compacting perm gen  total 21248K, used 4258K [0x00000001145b0000, 0x0000000115a70000, 0x00000001197b0000)
   the space 21248K,  20% used [0x00000001145b0000, 0x00000001149d8a88, 0x00000001149d8c00, 0x0000000115a70000)
No shared spaces configured.
}
Event: 0.420 GC heap before
{Heap before GC invocations=2 (full 0):
 def new generation   total 1984K, used 1984K [0x000000010c7b0000, 0x000000010c9d0000, 0x000000010f1b0000)
  eden space 1792K, 100% used [0x000000010c7b0000, 0x000000010c970000, 0x000000010c970000)
  from space 192K, 100% used [0x000000010c970000, 0x000000010c9a0000, 0x000000010c9a0000)
  to   space 192K,   0% used [0x000000010c9a0000, 0x000000010c9a0000, 0x000000010c9d0000)
 tenured generation   total 4480K, used 693K [0x000000010f1b0000, 0x000000010f610000, 0x00000001145b0000)
   the space 4480K,  15% used [0x000000010f1b0000, 0x000000010f25d418, 0x000000010f25d600, 0x000000010f610000)
 compacting perm gen  total 21248K, used 5049K [0x00000001145b0000, 0x0000000115a70000, 0x00000001197b0000)
   the space 21248K,  23% used [0x00000001145b0000, 0x0000000114a9e5e8, 0x0000000114a9e600, 0x0000000115a70000)
No shared spaces configured.
Event: 0.423 GC heap after
Heap after GC invocations=3 (full 0):
 def new generation   total 1984K, used 191K [0x000000010c7b0000, 0x000000010c9d0000, 0x000000010f1b0000)
  eden space 1792K,   0% used [0x000000010c7b0000, 0x000000010c7b0000, 0x000000010c970000)
  from space 192K,  99% used [0x000000010c9a0000, 0x000000010c9cfff8, 0x000000010c9d0000)
  to   space 192K,   0% used [0x000000010c970000, 0x000000010c970000, 0x000000010c9a0000)
 tenured generation   total 4480K, used 1006K [0x000000010f1b0000, 0x000000010f610000, 0x00000001145b0000)
   the space 4480K,  22% used [0x000000010f1b0000, 0x000000010f2abbd0, 0x000000010f2abc00, 0x000000010f610000)
 compacting perm gen  total 21248K, used 5049K [0x00000001145b0000, 0x0000000115a70000, 0x00000001197b0000)
   the space 21248K,  23% used [0x00000001145b0000, 0x0000000114a9e5e8, 0x0000000114a9e600, 0x0000000115a70000)
No shared spaces configured.
}
Event: 0.551 GC heap before
{Heap before GC invocations=3 (full 0):
 def new generation   total 1984K, used 1983K [0x000000010c7b0000, 0x000000010c9d0000, 0x000000010f1b0000)
  eden space 1792K, 100% used [0x000000010c7b0000, 0x000000010c970000, 0x000000010c970000)
  from space 192K,  99% used [0x000000010c9a0000, 0x000000010c9cfff8, 0x000000010c9d0000)
  to   space 192K,   0% used [0x000000010c970000, 0x000000010c970000, 0x000000010c9a0000)
 tenured generation   total 4480K, used 1006K [0x000000010f1b0000, 0x000000010f610000, 0x00000001145b0000)
   the space 4480K,  22% used [0x000000010f1b0000, 0x000000010f2abbd0, 0x000000010f2abc00, 0x000000010f610000)
 compacting perm gen  total 21248K, used 5789K [0x00000001145b0000, 0x0000000115a70000, 0x00000001197b0000)
   the space 21248K,  27% used [0x00000001145b0000, 0x0000000114b57768, 0x0000000114b57800, 0x0000000115a70000)
No shared spaces configured.
Event: 0.554 GC heap after
Heap after GC invocations=4 (full 0):
 def new generation   total 1984K, used 192K [0x000000010c7b0000, 0x000000010c9d0000, 0x000000010f1b0000)
  eden space 1792K,   0% used [0x000000010c7b0000, 0x000000010c7b0000, 0x000000010c970000)
  from space 192K, 100% used [0x000000010c970000, 0x000000010c9a0000, 0x000000010c9a0000)
  to   space 192K,   0% used [0x000000010c9a0000, 0x000000010c9a0000, 0x000000010c9d0000)
 tenured generation   total 4480K, used 1336K [0x000000010f1b0000, 0x000000010f610000, 0x00000001145b0000)
   the space 4480K,  29% used [0x000000010f1b0000, 0x000000010f2fe208, 0x000000010f2fe400, 0x000000010f610000)
 compacting perm gen  total 21248K, used 5789K [0x00000001145b0000, 0x0000000115a70000, 0x00000001197b0000)
   the space 21248K,  27% used [0x00000001145b0000, 0x0000000114b57768, 0x0000000114b57800, 0x0000000115a70000)
No shared spaces configured.
}

Deoptimization events (0 events):
No events

Internal exceptions (10 events):
Event: 0.551 Thread 0x00007fc7b5095800 Threw 0x000000010c96edf0 at /HUDSON/workspace/jdk7u17-2-build-macosx-amd64-product/jdk7u17/hotspot/src/share/vm/prims/jvm.cpp:1166
Event: 0.555 Thread 0x00007fc7b5095800 Threw 0x000000010c7b6670 at /HUDSON/workspace/jdk7u17-2-build-macosx-amd64-product/jdk7u17/hotspot/src/share/vm/prims/jvm.cpp:1166
Event: 0.556 Thread 0x00007fc7b5095800 Threw 0x000000010c7bceb8 at /HUDSON/workspace/jdk7u17-2-build-macosx-amd64-product/jdk7u17/hotspot/src/share/vm/prims/jvm.cpp:1166
Event: 0.558 Thread 0x00007fc7b5095800 Threw 0x000000010c7c3010 at /HUDSON/workspace/jdk7u17-2-build-macosx-amd64-product/jdk7u17/hotspot/src/share/vm/prims/jvm.cpp:1166
Event: 0.558 Thread 0x00007fc7b5095800 Threw 0x000000010c7c87c8 at /HUDSON/workspace/jdk7u17-2-build-macosx-amd64-product/jdk7u17/hotspot/src/share/vm/prims/jvm.cpp:1166
Event: 0.559 Thread 0x00007fc7b5095800 Threw 0x000000010c7cce98 at /HUDSON/workspace/jdk7u17-2-build-macosx-amd64-product/jdk7u17/hotspot/src/share/vm/prims/jvm.cpp:1166
Event: 0.560 Thread 0x00007fc7b5095800 Threw 0x000000010c7d29a8 at /HUDSON/workspace/jdk7u17-2-build-macosx-amd64-product/jdk7u17/hotspot/src/share/vm/prims/jvm.cpp:1166
Event: 3.464 Thread 0x00007fc7b5095800 Threw 0x000000010c7d8ce8 at /HUDSON/workspace/jdk7u17-2-build-macosx-amd64-product/jdk7u17/hotspot/src/share/vm/prims/jvm.cpp:1166
Event: 3.465 Thread 0x00007fc7b5095800 Threw 0x000000010c7ebcd8 at /HUDSON/workspace/jdk7u17-2-build-macosx-amd64-product/jdk7u17/hotspot/src/share/vm/prims/jvm.cpp:1166
Event: 3.467 Thread 0x00007fc7b5095800 Threw 0x000000010c7f1bf0 at /HUDSON/workspace/jdk7u17-2-build-macosx-amd64-product/jdk7u17/hotspot/src/share/vm/prims/jvm.cpp:1166

Events (10 events):
Event: 2.939 Thread 0x00007fc7b4879800 Thread exited: 0x00007fc7b4879800
Event: 3.314 Thread 0x00007fc7b31c2000 Thread added: 0x00007fc7b31c2000
Event: 3.464 loading class 0x00007fc7b2c21320
Event: 3.464 loading class 0x00007fc7b2c21320 done
Event: 3.465 loading class 0x00007fc7b2c1fdf0
Event: 3.465 loading class 0x00007fc7b2c1fdf0 done
Event: 3.465 loading class 0x00007fc7b3c0d190
Event: 3.465 loading class 0x00007fc7b3c0d190 done
Event: 3.467 loading class 0x00007fc7b2c7b690
Event: 3.467 loading class 0x00007fc7b2c7b690 done


Dynamic libraries:
0x000000000d9a9000 	/System/Library/Frameworks/Cocoa.framework/Versions/A/Cocoa
0x000000000d9a9000 	/System/Library/Frameworks/Security.framework/Versions/A/Security
0x000000000d9a9000 	/System/Library/Frameworks/ApplicationServices.framework/Versions/A/ApplicationServices
0x000000000d9a9000 	/usr/lib/libz.1.dylib
0x000000000d9a9000 	/usr/lib/libSystem.B.dylib
0x000000000d9a9000 	/usr/lib/libobjc.A.dylib
0x000000000d9a9000 	/System/Library/Frameworks/CoreFoundation.framework/Versions/A/CoreFoundation
0x000000000d9a9000 	/System/Library/Frameworks/AppKit.framework/Versions/C/AppKit
0x000000000d9a9000 	/System/Library/Frameworks/CoreData.framework/Versions/A/CoreData
0x000000000d9a9000 	/System/Library/Frameworks/Foundation.framework/Versions/C/Foundation
0x000000000d9a9000 	/System/Library/PrivateFrameworks/RemoteViewServices.framework/Versions/A/RemoteViewServices
0x000000000d9a9000 	/System/Library/Frameworks/AudioToolbox.framework/Versions/A/AudioToolbox
0x000000000d9a9000 	/System/Library/Frameworks/AudioUnit.framework/Versions/A/AudioUnit
0x000000000d9a9000 	/System/Library/PrivateFrameworks/DataDetectorsCore.framework/Versions/A/DataDetectorsCore
0x000000000d9a9000 	/System/Library/PrivateFrameworks/DesktopServicesPriv.framework/Versions/A/DesktopServicesPriv
0x000000000d9a9000 	/System/Library/Frameworks/Carbon.framework/Versions/A/Frameworks/HIToolbox.framework/Versions/A/HIToolbox
0x000000000d9a9000 	/System/Library/Frameworks/QuartzCore.framework/Versions/A/QuartzCore
0x000000000d9a9000 	/System/Library/Frameworks/Carbon.framework/Versions/A/Frameworks/SpeechRecognition.framework/Versions/A/SpeechRecognition
0x000000000d9a9000 	/usr/lib/libauto.dylib
0x000000000d9a9000 	/usr/lib/libicucore.A.dylib
0x000000000d9a9000 	/usr/lib/libxml2.2.dylib
0x000000000d9a9000 	/System/Library/PrivateFrameworks/CoreUI.framework/Versions/A/CoreUI
0x000000000d9a9000 	/System/Library/Frameworks/CoreAudio.framework/Versions/A/CoreAudio
0x000000000d9a9000 	/System/Library/Frameworks/DiskArbitration.framework/Versions/A/DiskArbitration
0x000000000d9a9000 	/usr/lib/liblangid.dylib
0x000000000d9a9000 	/System/Library/PrivateFrameworks/MultitouchSupport.framework/Versions/A/MultitouchSupport
0x000000000d9a9000 	/System/Library/Frameworks/IOKit.framework/Versions/A/IOKit
0x000000000d9a9000 	/usr/lib/libDiagnosticMessagesClient.dylib
0x000000000d9a9000 	/System/Library/Frameworks/CoreServices.framework/Versions/A/CoreServices
0x000000000d9a9000 	/System/Library/PrivateFrameworks/PerformanceAnalysis.framework/Versions/A/PerformanceAnalysis
0x000000000d9a9000 	/System/Library/PrivateFrameworks/GenerationalStorage.framework/Versions/A/GenerationalStorage
0x000000000d9a9000 	/System/Library/Frameworks/OpenGL.framework/Versions/A/OpenGL
0x000000000d9a9000 	/System/Library/Frameworks/CoreText.framework/Versions/A/CoreText
0x000000000d9a9000 	/System/Library/Frameworks/ImageIO.framework/Versions/A/ImageIO
0x000000000d9a9000 	/System/Library/PrivateFrameworks/Backup.framework/Versions/A/Backup
0x000000000d9a9000 	/System/Library/Frameworks/CFNetwork.framework/Versions/A/CFNetwork
0x000000000d9a9000 	/System/Library/Frameworks/SystemConfiguration.framework/Versions/A/SystemConfiguration
0x000000000d9a9000 	/usr/lib/libCRFSuite.dylib
0x000000000d9a9000 	/System/Library/PrivateFrameworks/TCC.framework/Versions/A/TCC
0x000000000d9a9000 	/usr/lib/libc++.1.dylib
0x000000000d9a9000 	/usr/lib/libc++abi.dylib
0x000000000d9a9000 	/usr/lib/system/libcache.dylib
0x000000000d9a9000 	/usr/lib/system/libcommonCrypto.dylib
0x000000000d9a9000 	/usr/lib/system/libcompiler_rt.dylib
0x000000000d9a9000 	/usr/lib/system/libcopyfile.dylib
0x000000000d9a9000 	/usr/lib/system/libdispatch.dylib
0x000000000d9a9000 	/usr/lib/system/libdnsinfo.dylib
0x000000000d9a9000 	/usr/lib/system/libdyld.dylib
0x000000000d9a9000 	/usr/lib/system/libkeymgr.dylib
0x000000000d9a9000 	/usr/lib/system/liblaunch.dylib
0x000000000d9a9000 	/usr/lib/system/libmacho.dylib
0x000000000d9a9000 	/usr/lib/system/libquarantine.dylib
0x000000000d9a9000 	/usr/lib/system/libremovefile.dylib
0x000000000d9a9000 	/usr/lib/system/libsystem_blocks.dylib
0x000000000d9a9000 	/usr/lib/system/libsystem_c.dylib
0x000000000d9a9000 	/usr/lib/system/libsystem_dnssd.dylib
0x000000000d9a9000 	/usr/lib/system/libsystem_info.dylib
0x000000000d9a9000 	/usr/lib/system/libsystem_kernel.dylib
0x000000000d9a9000 	/usr/lib/system/libsystem_m.dylib
0x000000000d9a9000 	/usr/lib/system/libsystem_network.dylib
0x000000000d9a9000 	/usr/lib/system/libsystem_notify.dylib
0x000000000d9a9000 	/usr/lib/system/libsystem_sandbox.dylib
0x000000000d9a9000 	/usr/lib/system/libunc.dylib
0x000000000d9a9000 	/usr/lib/system/libunwind.dylib
0x000000000d9a9000 	/usr/lib/system/libxpc.dylib
0x000000000d9a9000 	/usr/lib/system/libcorecrypto.dylib
0x000000000d9a9000 	/usr/lib/libstdc++.6.dylib
0x000000000d9a9000 	/usr/lib/libbsm.0.dylib
0x000000000d9a9000 	/usr/lib/libsqlite3.dylib
0x000000000d9a9000 	/usr/lib/libxar.1.dylib
0x000000000d9a9000 	/usr/lib/libpam.2.dylib
0x000000000d9a9000 	/usr/lib/libOpenScriptingUtil.dylib
0x000000000d9a9000 	/usr/lib/libbz2.1.0.dylib
0x000000000d9a9000 	/System/Library/Frameworks/CoreServices.framework/Versions/A/Frameworks/CarbonCore.framework/Versions/A/CarbonCore
0x000000000d9a9000 	/System/Library/Frameworks/CoreServices.framework/Versions/A/Frameworks/Metadata.framework/Versions/A/Metadata
0x000000000d9a9000 	/System/Library/Frameworks/CoreServices.framework/Versions/A/Frameworks/OSServices.framework/Versions/A/OSServices
0x000000000d9a9000 	/System/Library/Frameworks/CoreServices.framework/Versions/A/Frameworks/SearchKit.framework/Versions/A/SearchKit
0x000000000d9a9000 	/System/Library/Frameworks/CoreServices.framework/Versions/A/Frameworks/AE.framework/Versions/A/AE
0x000000000d9a9000 	/System/Library/Frameworks/CoreServices.framework/Versions/A/Frameworks/LaunchServices.framework/Versions/A/LaunchServices
0x000000000d9a9000 	/System/Library/Frameworks/CoreServices.framework/Versions/A/Frameworks/DictionaryServices.framework/Versions/A/DictionaryServices
0x000000000d9a9000 	/System/Library/Frameworks/NetFS.framework/Versions/A/NetFS
0x000000000d9a9000 	/usr/lib/system/libkxld.dylib
0x000000000d9a9000 	/System/Library/PrivateFrameworks/NetAuth.framework/Versions/A/NetAuth
0x000000000d9a9000 	/System/Library/Frameworks/OpenDirectory.framework/Versions/A/Frameworks/CFOpenDirectory.framework/Versions/A/CFOpenDirectory
0x000000000d9a9000 	/usr/lib/libxslt.1.dylib
0x000000000d9a9000 	/System/Library/PrivateFrameworks/FamilyControls.framework/Versions/A/FamilyControls
0x000000000d9a9000 	/System/Library/Frameworks/Carbon.framework/Versions/A/Frameworks/Ink.framework/Versions/A/Ink
0x000000000d9a9000 	/System/Library/Frameworks/ApplicationServices.framework/Versions/A/Frameworks/CoreGraphics.framework/Versions/A/CoreGraphics
0x000000000d9a9000 	/System/Library/Frameworks/ApplicationServices.framework/Versions/A/Frameworks/ATS.framework/Versions/A/ATS
0x000000000d9a9000 	/System/Library/Frameworks/ApplicationServices.framework/Versions/A/Frameworks/ColorSync.framework/Versions/A/ColorSync
0x000000000d9a9000 	/System/Library/Frameworks/ApplicationServices.framework/Versions/A/Frameworks/HIServices.framework/Versions/A/HIServices
0x000000000d9a9000 	/System/Library/Frameworks/ApplicationServices.framework/Versions/A/Frameworks/LangAnalysis.framework/Versions/A/LangAnalysis
0x000000000d9a9000 	/System/Library/Frameworks/ApplicationServices.framework/Versions/A/Frameworks/PrintCore.framework/Versions/A/PrintCore
0x000000000d9a9000 	/System/Library/Frameworks/ApplicationServices.framework/Versions/A/Frameworks/QD.framework/Versions/A/QD
0x000000000d9a9000 	/System/Library/Frameworks/ApplicationServices.framework/Versions/A/Frameworks/SpeechSynthesis.framework/Versions/A/SpeechSynthesis
0x000000000d9a9000 	/System/Library/Frameworks/IOSurface.framework/Versions/A/IOSurface
0x000000000d9a9000 	/System/Library/Frameworks/Accelerate.framework/Versions/A/Accelerate
0x000000000d9a9000 	/System/Library/Frameworks/ApplicationServices.framework/Versions/A/Frameworks/ATS.framework/Versions/A/Resources/libFontParser.dylib
0x000000000d9a9000 	/System/Library/Frameworks/ApplicationServices.framework/Versions/A/Frameworks/ATS.framework/Versions/A/Resources/libFontRegistry.dylib
0x000000000d9a9000 	/System/Library/Frameworks/Accelerate.framework/Versions/A/Frameworks/vImage.framework/Versions/A/vImage
0x000000000d9a9000 	/System/Library/Frameworks/Accelerate.framework/Versions/A/Frameworks/vecLib.framework/Versions/A/vecLib
0x000000000d9a9000 	/System/Library/Frameworks/Accelerate.framework/Versions/A/Frameworks/vecLib.framework/Versions/A/libvDSP.dylib
0x000000000d9a9000 	/System/Library/Frameworks/Accelerate.framework/Versions/A/Frameworks/vecLib.framework/Versions/A/libvMisc.dylib
0x000000000d9a9000 	/System/Library/Frameworks/Accelerate.framework/Versions/A/Frameworks/vecLib.framework/Versions/A/libLAPACK.dylib
0x000000000d9a9000 	/System/Library/Frameworks/Accelerate.framework/Versions/A/Frameworks/vecLib.framework/Versions/A/libBLAS.dylib
0x000000000d9a9000 	/System/Library/Frameworks/ImageIO.framework/Versions/A/Resources/libJPEG.dylib
0x000000000d9a9000 	/System/Library/Frameworks/ImageIO.framework/Versions/A/Resources/libTIFF.dylib
0x000000000d9a9000 	/System/Library/Frameworks/ImageIO.framework/Versions/A/Resources/libPng.dylib
0x000000000d9a9000 	/System/Library/Frameworks/ImageIO.framework/Versions/A/Resources/libGIF.dylib
0x000000000d9a9000 	/System/Library/Frameworks/ImageIO.framework/Versions/A/Resources/libJP2.dylib
0x000000000d9a9000 	/System/Library/Frameworks/ImageIO.framework/Versions/A/Resources/libRadiance.dylib
0x000000000d9a9000 	/usr/lib/libcups.2.dylib
0x000000000d9a9000 	/System/Library/Frameworks/Kerberos.framework/Versions/A/Kerberos
0x000000000d9a9000 	/System/Library/Frameworks/GSS.framework/Versions/A/GSS
0x000000000d9a9000 	/usr/lib/libresolv.9.dylib
0x000000000d9a9000 	/usr/lib/libiconv.2.dylib
0x000000000d9a9000 	/System/Library/PrivateFrameworks/Heimdal.framework/Versions/A/Heimdal
0x000000000d9a9000 	/System/Library/PrivateFrameworks/TrustEvaluationAgent.framework/Versions/A/TrustEvaluationAgent
0x000000000d9a9000 	/System/Library/Frameworks/OpenDirectory.framework/Versions/A/OpenDirectory
0x000000000d9a9000 	/System/Library/PrivateFrameworks/CommonAuth.framework/Versions/A/CommonAuth
0x000000000d9a9000 	/System/Library/PrivateFrameworks/Bom.framework/Versions/A/Bom
0x000000000d9a9000 	/System/Library/Frameworks/CoreVideo.framework/Versions/A/CoreVideo
0x000000000d9a9000 	/System/Library/Frameworks/QuartzCore.framework/Versions/A/Frameworks/CoreImage.framework/Versions/A/CoreImage
0x000000000d9a9000 	/System/Library/Frameworks/QuartzCore.framework/Versions/A/Frameworks/ScalableUserInterface.framework/Versions/A/ScalableUserInterface
0x000000000d9a9000 	/System/Library/Frameworks/OpenGL.framework/Versions/A/Libraries/libGLU.dylib
0x000000000d9a9000 	/System/Library/Frameworks/OpenGL.framework/Versions/A/Libraries/libGFXShared.dylib
0x000000000d9a9000 	/System/Library/Frameworks/OpenGL.framework/Versions/A/Libraries/libGL.dylib
0x000000000d9a9000 	/System/Library/Frameworks/OpenGL.framework/Versions/A/Libraries/libGLImage.dylib
0x000000000d9a9000 	/System/Library/Frameworks/OpenGL.framework/Versions/A/Libraries/libCVMSPluginSupport.dylib
0x000000000d9a9000 	/System/Library/Frameworks/OpenGL.framework/Versions/A/Libraries/libCoreVMClient.dylib
0x000000000d9a9000 	/System/Library/PrivateFrameworks/CrashReporterSupport.framework/Versions/A/CrashReporterSupport
0x000000000d9a9000 	/System/Library/Frameworks/OpenCL.framework/Versions/A/OpenCL
0x000000000d9a9000 	/System/Library/PrivateFrameworks/FaceCoreLight.framework/Versions/A/FaceCoreLight
0x000000000d9a9000 	/System/Library/PrivateFrameworks/AppleFSCompression.framework/Versions/A/AppleFSCompression
0x000000000d9a9000 	/System/Library/PrivateFrameworks/Ubiquity.framework/Versions/A/Ubiquity
0x000000000d9a9000 	/System/Library/Frameworks/ServiceManagement.framework/Versions/A/ServiceManagement
0x000000000d9a9000 	/System/Library/PrivateFrameworks/ChunkingLibrary.framework/Versions/A/ChunkingLibrary
0x000000000d9a9000 	/System/Library/Frameworks/vecLib.framework/Versions/A/vecLib
0x000000000d9a9000 	/System/Library/Frameworks/SecurityFoundation.framework/Versions/A/SecurityFoundation
0x000000000d9a9000 	/System/Library/PrivateFrameworks/CommerceKit.framework/Versions/A/Frameworks/CommerceCore.framework/Versions/A/CommerceCore
0x000000000d9a9000 	/System/Library/PrivateFrameworks/CoreSymbolication.framework/Versions/A/CoreSymbolication
0x000000000d9a9000 	/System/Library/PrivateFrameworks/Symbolication.framework/Versions/A/Symbolication
0x000000000d9a9000 	/System/Library/PrivateFrameworks/DebugSymbols.framework/Versions/A/DebugSymbols
0x0000000108a5c000 	/Library/Java/JavaVirtualMachines/jdk1.7.0_17.jdk/Contents/Home/jre/lib/server/libjvm.dylib
0x0000000109606000 	/Library/Java/JavaVirtualMachines/jdk1.7.0_17.jdk/Contents/Home/jre/lib/libverify.dylib
0x0000000109613000 	/Library/Java/JavaVirtualMachines/jdk1.7.0_17.jdk/Contents/Home/jre/lib/libjava.dylib
0x00000001096d0000 	/Library/Java/JavaVirtualMachines/jdk1.7.0_17.jdk/Contents/Home/jre/lib/libzip.dylib
0x0000000119df8000 	/System/Library/Frameworks/JavaVM.framework/Frameworks/JavaRuntimeSupport.framework/JavaRuntimeSupport
0x0000000119e10000 	/System/Library/Frameworks/JavaVM.framework/Versions/A/Frameworks/JavaNativeFoundation.framework/Versions/A/JavaNativeFoundation
0x0000000119e25000 	/System/Library/Frameworks/JavaVM.framework/Versions/A/JavaVM
0x000000000d9a9000 	/System/Library/Frameworks/Carbon.framework/Versions/A/Carbon
0x0000000119e32000 	/System/Library/PrivateFrameworks/JavaLaunching.framework/Versions/A/JavaLaunching
0x000000000d9a9000 	/System/Library/Frameworks/Carbon.framework/Versions/A/Frameworks/CommonPanels.framework/Versions/A/CommonPanels
0x000000000d9a9000 	/System/Library/Frameworks/Carbon.framework/Versions/A/Frameworks/Help.framework/Versions/A/Help
0x000000000d9a9000 	/System/Library/Frameworks/Carbon.framework/Versions/A/Frameworks/ImageCapture.framework/Versions/A/ImageCapture
0x000000000d9a9000 	/System/Library/Frameworks/Carbon.framework/Versions/A/Frameworks/OpenScripting.framework/Versions/A/OpenScripting
0x000000000d9a9000 	/System/Library/Frameworks/Carbon.framework/Versions/A/Frameworks/Print.framework/Versions/A/Print
0x000000000d9a9000 	/System/Library/Frameworks/Carbon.framework/Versions/A/Frameworks/SecurityHI.framework/Versions/A/SecurityHI
0x000000011a4c5000 	/private/var/folders/_r/2zqd2dvx43q_lqyrzz__74sw0000gn/T/libgdxharoldswets/3460863361/libgdx.dylib
0x000000011a52b000 	/Library/Java/JavaVirtualMachines/jdk1.7.0_17.jdk/Contents/Home/jre/lib/libawt.dylib
0x000000011a5da000 	/Library/Java/JavaVirtualMachines/jdk1.7.0_17.jdk/Contents/Home/jre/lib/./libmlib_image.dylib
0x000000011a6a6000 	/Library/Java/JavaVirtualMachines/jdk1.7.0_17.jdk/Contents/Home/jre/lib/lwawt/liblwawt.dylib
0x000000011a758000 	/Library/Java/JavaVirtualMachines/jdk1.7.0_17.jdk/Contents/Home/jre/lib/libosxapp.dylib
0x000000011a774000 	/System/Library/Frameworks/ExceptionHandling.framework/Versions/A/ExceptionHandling
0x000000000d9a9000 	/System/Library/PrivateFrameworks/CoreServicesInternal.framework/Versions/A/CoreServicesInternal
0x000000000d9a9000 	/System/Library/PrivateFrameworks/Librarian.framework/Versions/A/Librarian
0x000000000d9a9000 	/System/Library/Frameworks/ApplicationServices.framework/Versions/A/Frameworks/CoreGraphics.framework/Versions/A/Resources/libCSync.A.dylib
0x000000000d9a9000 	/System/Library/Frameworks/ApplicationServices.framework/Versions/A/Frameworks/CoreGraphics.framework/Versions/A/Resources/libRIP.A.dylib
0x000000000d9a9000 	/System/Library/Frameworks/ApplicationServices.framework/Versions/A/Frameworks/CoreGraphics.framework/Versions/A/Resources/libCGXType.A.dylib
0x000000011e455000 	/Library/Java/JavaVirtualMachines/jdk1.7.0_17.jdk/Contents/Home/jre/lib/libfontmanager.dylib
0x000000011e4a1000 	/private/var/folders/_r/2zqd2dvx43q_lqyrzz__74sw0000gn/T/libgdxharoldswets/1965427266/liblwjgl.jnilib
0x000000011bbbf000 	/Library/Java/JavaVirtualMachines/jdk1.7.0_17.jdk/Contents/Home/jre/lib/libjawt.dylib
0x000000011e51c000 	/var/folders/_r/2zqd2dvx43q_lqyrzz__74sw0000gn/T/libgdxharoldswets/1965427266/openal.dylib
0x00000000ae5af000 	/System/Library/Components/CoreAudio.component/Contents/MacOS/CoreAudio
0x000000011e78d000 	/System/Library/Extensions/AppleHDA.kext/Contents/PlugIns/AppleHDAHALPlugIn.bundle/Contents/MacOS/AppleHDAHALPlugIn
0x000000011e91d000 	/System/Library/Frameworks/OpenGL.framework/Resources/GLEngine.bundle/GLEngine
0x000000011eb12000 	/System/Library/Frameworks/OpenGL.framework/Versions/A/Libraries/libGLProgrammability.dylib
0x000000011ecba000 	/System/Library/Extensions/AppleIntelHD4000GraphicsGLDriver.bundle/Contents/MacOS/AppleIntelHD4000GraphicsGLDriver
0x000000011f2b6000 	/System/Library/PrivateFrameworks/IOAccelerator.framework/Versions/A/IOAccelerator
0x000000011f2c3000 	/System/Library/PrivateFrameworks/GPUSupport.framework/Versions/A/Libraries/libGPUSupportMercury.dylib
0x000000011f6d6000 	/System/Library/Frameworks/OpenGL.framework/Resources//GLRendererFloat.bundle/GLRendererFloat
0x000000011f70a000 	/System/Library/Frameworks/OpenCL.framework/Versions/A/Libraries/libcldcpuengine.dylib
0x000000000d9a9000 	/System/Library/PrivateFrameworks/DiskImages.framework/Versions/A/DiskImages
0x000000000d9a9000 	/System/Library/Frameworks/DiscRecording.framework/Versions/A/DiscRecording
0x000000000d9a9000 	/usr/lib/libcurl.4.dylib
0x000000000d9a9000 	/System/Library/PrivateFrameworks/MediaKit.framework/Versions/A/MediaKit
0x000000000d9a9000 	/usr/lib/libssl.0.9.8.dylib
0x000000000d9a9000 	/usr/lib/libcrypto.0.9.8.dylib
0x000000000d9a9000 	/System/Library/Frameworks/LDAP.framework/Versions/A/LDAP
0x000000000d9a9000 	/usr/lib/libsasl2.2.dylib

VM Arguments:
jvm_args: -Dfile.encoding=US-ASCII 
java_command: com.mcdonald.balloonsamurai.Main
Launcher Type: SUN_STANDARD

Environment Variables:
PATH=/usr/bin:/bin:/usr/sbin:/sbin
SHELL=/bin/bash
DISPLAY=/tmp/launch-FvgiJ1/org.macosforge.xquartz:0

Signal Handlers:
SIGSEGV: [libjvm.dylib+0x4a361d], sa_mask[0]=0xfffefeff, sa_flags=0x00000042
SIGBUS: [libjvm.dylib+0x4a361d], sa_mask[0]=0xfffefeff, sa_flags=0x00000042
SIGFPE: [libjvm.dylib+0x3b302d], sa_mask[0]=0xfffefeff, sa_flags=0x00000042
SIGPIPE: [libjvm.dylib+0x3b302d], sa_mask[0]=0xfffefeff, sa_flags=0x00000042
SIGXFSZ: [libjvm.dylib+0x3b302d], sa_mask[0]=0xfffefeff, sa_flags=0x00000042
SIGILL: [libjvm.dylib+0x3b302d], sa_mask[0]=0xfffefeff, sa_flags=0x00000042
SIGUSR1: SIG_DFL, sa_mask[0]=0x00000000, sa_flags=0x00000002
SIGUSR2: [libjvm.dylib+0x3b2bc6], sa_mask[0]=0x00000004, sa_flags=0x00000042
SIGHUP: [libjvm.dylib+0x3b0e27], sa_mask[0]=0xfffefeff, sa_flags=0x00000042
SIGINT: [libjvm.dylib+0x3b0e27], sa_mask[0]=0xfffefeff, sa_flags=0x00000042
SIGTERM: [libjvm.dylib+0x3b0e27], sa_mask[0]=0xfffefeff, sa_flags=0x00000042
SIGQUIT: [libjvm.dylib+0x3b0e27], sa_mask[0]=0xfffefeff, sa_flags=0x00000042


---------------  S Y S T E M  ---------------

OS:Bsduname:Darwin 12.4.0 Darwin Kernel Version 12.4.0: Wed May  1 17:57:12 PDT 2013; root:xnu-2050.24.15~1/RELEASE_X86_64 x86_64
rlimit: STACK 8192k, CORE 0k, NPROC 709, NOFILE 10240, AS infinity
load average:1.57 1.43 1.36

CPU:total 4 (2 cores per cpu, 2 threads per core) family 6 model 58 stepping 9, cmov, cx8, fxsr, mmx, sse, sse2, sse3, ssse3, sse4.1, sse4.2, popcnt, avx, ht, tsc, tscinvbit, tscinv

Memory: 4k page, physical 271640k(67910k free)

/proc/meminfo:


vm_info: Java HotSpot(TM) 64-Bit Server VM (23.7-b01) for bsd-amd64 JRE (1.7.0_17-b02), built on Mar  1 2013 06:41:23 by "java_re" with gcc 4.2.1 (Based on Apple Inc. build 5658) (LLVM build 2336.11.00)

time: Mon Jun 10 20:51:48 2013
elapsed time: 3 seconds

